
> rivo-labs@0.1.0 dev
> next dev --turbo

 ⚠ Port 3000 is in use, using available port 3004 instead.
   ▲ Next.js 15.3.3 (Turbopack)
   - Local:        http://localhost:3004
   - Network:      http://192.168.0.34:3004
   - Environments: .env.local

 ✓ Starting...
 ✓ Compiled middleware in 237ms
 ✓ Ready in 1079ms
 ✓ Compiled /api/chat/proxy in 376ms
📝 Chat proxy called: POST
🔐 Checking authentication...
❌ No userId found
 POST /api/chat/proxy 401 in 140ms
 ○ Compiling / ...
 ✓ Compiled / in 2s
 GET / 200 in 2185ms
 ✓ Compiled in 618ms
 ✓ Compiled /sign-up/[[...index]] in 4ms
 ⨯ [Error: ENOENT: no such file or directory, open '/Users/srikarreddy/Downloads/rivo/.next/server/pages/_app/build-manifest.json'] {
  errno: -2,
  code: 'ENOENT',
  syscall: 'open',
  path: '/Users/srikarreddy/Downloads/rivo/.next/server/pages/_app/build-manifest.json'
}
 ✓ Compiled /_error in 2ms
 ⨯ [Error: ENOENT: no such file or directory, open '/Users/srikarreddy/Downloads/rivo/.next/server/pages/_app/build-manifest.json'] {
  errno: -2,
  code: 'ENOENT',
  syscall: 'open',
  path: '/Users/srikarreddy/Downloads/rivo/.next/server/pages/_app/build-manifest.json'
}
[Error: ENOENT: no such file or directory, open '/Users/srikarreddy/Downloads/rivo/.next/server/pages/_app/build-manifest.json'] {
  errno: -2,
  code: 'ENOENT',
  syscall: 'open',
  path: '/Users/srikarreddy/Downloads/rivo/.next/server/pages/_app/build-manifest.json'
}
 ⨯ [Error: ENOENT: no such file or directory, open '/Users/srikarreddy/Downloads/rivo/.next/server/pages/_app/build-manifest.json'] {
  errno: -2,
  code: 'ENOENT',
  syscall: 'open',
  path: '/Users/srikarreddy/Downloads/rivo/.next/server/pages/_app/build-manifest.json'
}
[Error: ENOENT: no such file or directory, open '/Users/srikarreddy/Downloads/rivo/.next/server/pages/_app/build-manifest.json'] {
  errno: -2,
  code: 'ENOENT',
  syscall: 'open',
  path: '/Users/srikarreddy/Downloads/rivo/.next/server/pages/_app/build-manifest.json'
}
 ⨯ [Error: ENOENT: no such file or directory, open '/Users/srikarreddy/Downloads/rivo/.next/server/pages/_app/build-manifest.json'] {
  errno: -2,
  code: 'ENOENT',
  syscall: 'open',
  path: '/Users/srikarreddy/Downloads/rivo/.next/server/pages/_app/build-manifest.json'
}
 ⨯ [Error: ENOENT: no such file or directory, open '/Users/srikarreddy/Downloads/rivo/.next/server/pages/_app/build-manifest.json'] {
  errno: -2,
  code: 'ENOENT',
  syscall: 'open',
  path: '/Users/srikarreddy/Downloads/rivo/.next/server/pages/_app/build-manifest.json'
}
[Error: ENOENT: no such file or directory, open '/Users/srikarreddy/Downloads/rivo/.next/server/pages/_app/build-manifest.json'] {
  errno: -2,
  code: 'ENOENT',
  syscall: 'open',
  path: '/Users/srikarreddy/Downloads/rivo/.next/server/pages/_app/build-manifest.json'
}
 ⨯ [Error: ENOENT: no such file or directory, open '/Users/srikarreddy/Downloads/rivo/.next/server/pages/_app/build-manifest.json'] {
  errno: -2,
  code: 'ENOENT',
  syscall: 'open',
  path: '/Users/srikarreddy/Downloads/rivo/.next/server/pages/_app/build-manifest.json'
}
[Error: ENOENT: no such file or directory, open '/Users/srikarreddy/Downloads/rivo/.next/server/pages/_app/build-manifest.json'] {
  errno: -2,
  code: 'ENOENT',
  syscall: 'open',
  path: '/Users/srikarreddy/Downloads/rivo/.next/server/pages/_app/build-manifest.json'
}
 ⨯ [Error: ENOENT: no such file or directory, open '/Users/srikarreddy/Downloads/rivo/.next/server/pages/_app/build-manifest.json'] {
  errno: -2,
  code: 'ENOENT',
  syscall: 'open',
  path: '/Users/srikarreddy/Downloads/rivo/.next/server/pages/_app/build-manifest.json'
}
 ⨯ [Error: ENOENT: no such file or directory, open '/Users/srikarreddy/Downloads/rivo/.next/server/pages/_app/build-manifest.json'] {
  errno: -2,
  code: 'ENOENT',
  syscall: 'open',
  path: '/Users/srikarreddy/Downloads/rivo/.next/server/pages/_app/build-manifest.json'
}
[Error: ENOENT: no such file or directory, open '/Users/srikarreddy/Downloads/rivo/.next/server/pages/_app/build-manifest.json'] {
  errno: -2,
  code: 'ENOENT',
  syscall: 'open',
  path: '/Users/srikarreddy/Downloads/rivo/.next/server/pages/_app/build-manifest.json'
}
 ⨯ [Error: ENOENT: no such file or directory, open '/Users/srikarreddy/Downloads/rivo/.next/server/pages/_app/build-manifest.json'] {
  errno: -2,
  code: 'ENOENT',
  syscall: 'open',
  path: '/Users/srikarreddy/Downloads/rivo/.next/server/pages/_app/build-manifest.json'
}
[Error: ENOENT: no such file or directory, open '/Users/srikarreddy/Downloads/rivo/.next/server/pages/_app/build-manifest.json'] {
  errno: -2,
  code: 'ENOENT',
  syscall: 'open',
  path: '/Users/srikarreddy/Downloads/rivo/.next/server/pages/_app/build-manifest.json'
}
 ✓ Compiled in 1289ms
 ✓ Compiled in 762ms
 ⨯ [Error: ENOENT: no such file or directory, open '/Users/srikarreddy/Downloads/rivo/.next/server/pages/_app/build-manifest.json'] {
  errno: -2,
  code: 'ENOENT',
  syscall: 'open',
  path: '/Users/srikarreddy/Downloads/rivo/.next/server/pages/_app/build-manifest.json'
}
 ⨯ [Error: ENOENT: no such file or directory, open '/Users/srikarreddy/Downloads/rivo/.next/server/pages/_app/build-manifest.json'] {
  errno: -2,
  code: 'ENOENT',
  syscall: 'open',
  path: '/Users/srikarreddy/Downloads/rivo/.next/server/pages/_app/build-manifest.json'
}
[Error: ENOENT: no such file or directory, open '/Users/srikarreddy/Downloads/rivo/.next/server/pages/_app/build-manifest.json'] {
  errno: -2,
  code: 'ENOENT',
  syscall: 'open',
  path: '/Users/srikarreddy/Downloads/rivo/.next/server/pages/_app/build-manifest.json'
}
 ⨯ [Error: ENOENT: no such file or directory, open '/Users/srikarreddy/Downloads/rivo/.next/server/pages/_app/build-manifest.json'] {
  errno: -2,
  code: 'ENOENT',
  syscall: 'open',
  path: '/Users/srikarreddy/Downloads/rivo/.next/server/pages/_app/build-manifest.json'
}
[Error: ENOENT: no such file or directory, open '/Users/srikarreddy/Downloads/rivo/.next/server/pages/_app/build-manifest.json'] {
  errno: -2,
  code: 'ENOENT',
  syscall: 'open',
  path: '/Users/srikarreddy/Downloads/rivo/.next/server/pages/_app/build-manifest.json'
}
 ⨯ [Error: ENOENT: no such file or directory, open '/Users/srikarreddy/Downloads/rivo/.next/server/pages/_app/build-manifest.json'] {
  errno: -2,
  code: 'ENOENT',
  syscall: 'open',
  path: '/Users/srikarreddy/Downloads/rivo/.next/server/pages/_app/build-manifest.json'
}
 ⨯ [Error: ENOENT: no such file or directory, open '/Users/srikarreddy/Downloads/rivo/.next/server/pages/_app/build-manifest.json'] {
  errno: -2,
  code: 'ENOENT',
  syscall: 'open',
  path: '/Users/srikarreddy/Downloads/rivo/.next/server/pages/_app/build-manifest.json'
}
[Error: ENOENT: no such file or directory, open '/Users/srikarreddy/Downloads/rivo/.next/server/pages/_app/build-manifest.json'] {
  errno: -2,
  code: 'ENOENT',
  syscall: 'open',
  path: '/Users/srikarreddy/Downloads/rivo/.next/server/pages/_app/build-manifest.json'
}
 ⨯ [Error: ENOENT: no such file or directory, open '/Users/srikarreddy/Downloads/rivo/.next/server/pages/_app/build-manifest.json'] {
  errno: -2,
  code: 'ENOENT',
  syscall: 'open',
  path: '/Users/srikarreddy/Downloads/rivo/.next/server/pages/_app/build-manifest.json'
}
[Error: ENOENT: no such file or directory, open '/Users/srikarreddy/Downloads/rivo/.next/server/pages/_app/build-manifest.json'] {
  errno: -2,
  code: 'ENOENT',
  syscall: 'open',
  path: '/Users/srikarreddy/Downloads/rivo/.next/server/pages/_app/build-manifest.json'
}
 ✓ Compiled in 745ms
 ✓ Compiled in 898ms
 GET / 200 in 483ms
 GET / 200 in 91ms
 ⚠ Cross origin request detected from 192.168.0.34 to /_next/* resource. In a future major version of Next.js, you will need to explicitly configure "allowedDevOrigins" in next.config to allow this.
Read more: https://nextjs.org/docs/app/api-reference/config/next-config-js/allowedDevOrigins
 ○ Compiling /sign-in/[[...index]] ...
 ✓ Compiled /sign-in/[[...index]] in 1088ms
 GET /_next/data/development/sign-in.json 200 in 1125ms
 ○ Compiling /dashboard ...
 ✓ Compiled /dashboard in 650ms
 GET /_next/data/development/dashboard.json?tab=chat 200 in 754ms
 ✓ Compiled /api/tokens/current in 205ms
 GET /api/threads 200 in 152ms
 GET /api/tokens/current 200 in 146ms
 POST /api/chat/proxy 200 in 3589ms
 GET /api/tokens/current 200 in 121ms
 GET /apple-touch-icon-precomposed.png 404 in 440ms
 GET /apple-touch-icon.png 404 in 442ms
 GET /api/tokens/current 304 in 97ms
 GET /api/tokens/current 304 in 267ms
 GET /api/tokens/current 304 in 113ms
